\BOOKMARK [1][-]{figure.caption.16}{\376\377\144\130\211\201}{}% 1
\BOOKMARK [1][-]{figure.caption.18}{\376\377\000A\000B\000S\000T\000R\000A\000C\000T}{}% 2
\BOOKMARK [1][-]{figure.caption.20}{\376\377\166\356\137\125}{}% 3
\BOOKMARK [1][-]{figure.caption.20}{\376\377\126\376\210\150\124\214\173\227\154\325\156\005\123\125}{}% 4
\BOOKMARK [1][-]{section.1}{\376\377\137\000\131\313\117\177\165\050}{}% 5
\BOOKMARK [2][-]{subsection.1.1}{\376\377\116\300\116\110\146\057\000L\000a\000T\000e\000X}{section.1}% 6
\BOOKMARK [2][-]{subsection.1.2}{\376\377\000s\000i\000c\000n\000u\000.\000c\000l\000s\166\204\127\372\147\054\165\050\154\325}{section.1}% 7
\BOOKMARK [2][-]{subsection.1.3}{\376\377\230\171\166\356\136\003\134\100}{section.1}% 8
\BOOKMARK [2][-]{subsection.1.4}{\376\377\217\173\147\176\137\025\165\050\123\302\200\003\145\207\163\056}{section.1}% 9
\BOOKMARK [1][-]{section.2}{\376\377\000s\000i\000c\000n\000u\000.\000c\000l\000s\166\204\143\007\116\344\124\214\163\257\130\203}{}% 10
\BOOKMARK [2][-]{subsection.2.1}{\376\377\127\372\147\054\143\007\116\344}{section.2}% 11
\BOOKMARK [2][-]{subsection.2.2}{\376\377\142\151\134\125\143\007\116\344}{section.2}% 12
\BOOKMARK [2][-]{subsection.2.3}{\376\377\145\260\133\232\116\111\166\204\163\257\130\203}{section.2}% 13
\BOOKMARK [2][-]{subsection.2.4}{\376\377\221\315\133\232\116\111\166\204\163\257\130\203}{section.2}% 14
\BOOKMARK [1][-]{section.3}{\376\377\173\200\123\125\166\204\150\110\117\213}{}% 15
\BOOKMARK [2][-]{subsection.3.1}{\376\377\145\160\133\146\163\257\130\203\155\113\213\325}{section.3}% 16
\BOOKMARK [2][-]{subsection.3.2}{\376\377\140\073\176\323\116\016\134\125\147\033}{section.3}% 17
\BOOKMARK [3][-]{subsubsection.3.2.1}{\376\377\000T\000e\000X\000L\000i\000v\000e\123\005\173\241\164\006\126\150\116\016\136\056\122\251\145\207\150\143}{subsection.3.2}% 18
\BOOKMARK [3][-]{subsubsection.3.2.2}{\376\377\135\362\133\374\121\145\166\204\133\217\123\005}{subsection.3.2}% 19
\BOOKMARK [1][-]{table.caption.28}{\376\377\123\302\200\003\145\207\163\056}{}% 20
\BOOKMARK [1][-]{table.caption.28}{\376\377\201\364\214\042}{}% 21
\BOOKMARK [1][-]{table.caption.28}{\376\377\127\050\150\041\147\037\225\364\166\204\171\321\170\024\142\020\147\234}{}% 22
\BOOKMARK [1][-]{Item.44}{\376\377\226\104\137\125}{}% 23
